{
  status: '422',
  path: '\\controllers\\product\\product.controller.js',
  level: 'error',
  message: '"name" is required',
  timestamp: '2024-04-03 11:50:15'
}
{
  status: '422',
  path: '\\controllers\\product\\product.controller.js',
  level: 'error',
  message: '"name" is required',
  timestamp: '2024-04-03 11:51:03'
}
{
  status: '500',
  path: '\\middlewares\\auth.middleware.js',
  level: 'error',
  message: 'Request not Authorized',
  timestamp: '2024-04-03 11:53:43'
}
{
  status: '500',
  path: '\\middlewares\\auth.middleware.js',
  level: 'error',
  message: 'Request not Authorized',
  timestamp: '2024-04-03 11:53:45'
}
{
  status: '422',
  path: '\\controllers\\product\\product.controller.js',
  level: 'error',
  message: '"name" is required',
  timestamp: '2024-04-03 12:31:46'
}
{
  status: '422',
  path: '\\controllers\\product\\product.controller.js',
  level: 'error',
  message: '"name" is required',
  timestamp: '2024-04-03 12:31:46'
}
{
  status: undefined,
  path: '\\controllers\\product\\product.controller.js',
  level: 'error',
  message: "Cannot read properties of null (reading 'filename')",
  timestamp: '2024-04-03 15:06:02'
}
{
  status: undefined,
  path: '\\controllers\\product\\product.controller.js',
  level: 'error',
  message: "Cannot read properties of null (reading 'filename')",
  timestamp: '2024-04-03 15:06:04'
}
{
  status: '404',
  path: '\\controllers\\product\\product.controller.js',
  level: 'error',
  message: 'Product not found',
  timestamp: '2024-04-03 15:15:28'
}
{
  status: undefined,
  path: '\\controllers\\product\\product.controller.js',
  level: 'error',
  message: 'product.updateOne is not a function',
  timestamp: '2024-04-03 15:58:15'
}
{
  status: undefined,
  path: '\\controllers\\product\\product.controller.js',
  level: 'error',
  message: 'Cast to ObjectId failed for value "{ _id: undefined, isDeleted: false }" (type Object) at path "_id" for model "Product"',
  timestamp: '2024-04-03 16:14:36'
}
